This is pdfTeX, Version 3.141592653-2.6-1.40.24 (TeX Live 2022) (preloaded format=pdflatex 2022.5.6)  19 JUL 2022 11:32
entering extended mode
 restricted \write18 enabled.
 %&-line parsing enabled.
**sample-manuscript.tex
(./sample-manuscript.tex
LaTeX2e <2021-11-15> patch level 1
L3 programming layer <2022-02-24>
(/usr/local/texlive/2022/texmf-dist/tex/latex/base/article.cls
Document Class: article 2021/10/04 v1.4n Standard LaTeX document class
(/usr/local/texlive/2022/texmf-dist/tex/latex/base/size12.clo
File: size12.clo 2021/10/04 v1.4n Standard LaTeX file (size option)
)
\c@part=\count185
\c@section=\count186
\c@subsection=\count187
\c@subsubsection=\count188
\c@paragraph=\count189
\c@subparagraph=\count190
\c@figure=\count191
\c@table=\count192
\abovecaptionskip=\skip47
\belowcaptionskip=\skip48
\bibindent=\dimen138
)
(/usr/local/texlive/2022/texmf-dist/tex/latex/base/inputenc.sty
Package: inputenc 2021/02/14 v1.3d Input encoding file
\inpenc@prehook=\toks16
\inpenc@posthook=\toks17
)
(/usr/local/texlive/2022/texmf-dist/tex/latex/graphics/graphicx.sty
Package: graphicx 2021/09/16 v1.2d Enhanced LaTeX Graphics (DPC,SPQR)

(/usr/local/texlive/2022/texmf-dist/tex/latex/graphics/keyval.sty
Package: keyval 2014/10/28 v1.15 key=value parser (DPC)
\KV@toks@=\toks18
)
(/usr/local/texlive/2022/texmf-dist/tex/latex/graphics/graphics.sty
Package: graphics 2021/03/04 v1.4d Standard LaTeX Graphics (DPC,SPQR)

(/usr/local/texlive/2022/texmf-dist/tex/latex/graphics/trig.sty
Package: trig 2021/08/11 v1.11 sin cos tan (DPC)
)
(/usr/local/texlive/2022/texmf-dist/tex/latex/graphics-cfg/graphics.cfg
File: graphics.cfg 2016/06/04 v1.11 sample graphics configuration
)
Package graphics Info: Driver file: pdftex.def on input line 107.

(/usr/local/texlive/2022/texmf-dist/tex/latex/graphics-def/pdftex.def
File: pdftex.def 2020/10/05 v1.2a Graphics/color driver for pdftex
))
\Gin@req@height=\dimen139
\Gin@req@width=\dimen140
)
(/usr/local/texlive/2022/texmf-dist/tex/latex/geometry/geometry.sty
Package: geometry 2020/01/02 v5.9 Page Geometry

(/usr/local/texlive/2022/texmf-dist/tex/generic/iftex/ifvtex.sty
Package: ifvtex 2019/10/25 v1.7 ifvtex legacy package. Use iftex instead.

(/usr/local/texlive/2022/texmf-dist/tex/generic/iftex/iftex.sty
Package: iftex 2022/02/03 v1.0f TeX engine tests
))
\Gm@cnth=\count193
\Gm@cntv=\count194
\c@Gm@tempcnt=\count195
\Gm@bindingoffset=\dimen141
\Gm@wd@mp=\dimen142
\Gm@odd@mp=\dimen143
\Gm@even@mp=\dimen144
\Gm@layoutwidth=\dimen145
\Gm@layoutheight=\dimen146
\Gm@layouthoffset=\dimen147
\Gm@layoutvoffset=\dimen148
\Gm@dimlist=\toks19
)
(/usr/local/texlive/2022/texmf-dist/tex/latex/l3backend/l3backend-pdftex.def
File: l3backend-pdftex.def 2022-02-07 L3 backend support: PDF output (pdfTeX)
\l__color_backend_stack_int=\count196
\l__pdf_internal_box=\box50
)
(./sample-manuscript.aux)
\openout1 = `sample-manuscript.aux'.

LaTeX Font Info:    Checking defaults for OML/cmm/m/it on input line 13.
LaTeX Font Info:    ... okay on input line 13.
LaTeX Font Info:    Checking defaults for OMS/cmsy/m/n on input line 13.
LaTeX Font Info:    ... okay on input line 13.
LaTeX Font Info:    Checking defaults for OT1/cmr/m/n on input line 13.
LaTeX Font Info:    ... okay on input line 13.
LaTeX Font Info:    Checking defaults for T1/cmr/m/n on input line 13.
LaTeX Font Info:    ... okay on input line 13.
LaTeX Font Info:    Checking defaults for TS1/cmr/m/n on input line 13.
LaTeX Font Info:    ... okay on input line 13.
LaTeX Font Info:    Checking defaults for OMX/cmex/m/n on input line 13.
LaTeX Font Info:    ... okay on input line 13.
LaTeX Font Info:    Checking defaults for U/cmr/m/n on input line 13.
LaTeX Font Info:    ... okay on input line 13.

(/usr/local/texlive/2022/texmf-dist/tex/context/base/mkii/supp-pdf.mkii
[Loading MPS to PDF converter (version 2006.09.02).]
\scratchcounter=\count197
\scratchdimen=\dimen149
\scratchbox=\box51
\nofMPsegments=\count198
\nofMParguments=\count199
\everyMPshowfont=\toks20
\MPscratchCnt=\count266
\MPscratchDim=\dimen150
\MPnumerator=\count267
\makeMPintoPDFobject=\count268
\everyMPtoPDFconversion=\toks21
) (/usr/local/texlive/2022/texmf-dist/tex/latex/epstopdf-pkg/epstopdf-base.sty
Package: epstopdf-base 2020-01-24 v2.11 Base part for package epstopdf
Package epstopdf-base Info: Redefining graphics rule for `.eps' on input line 4
85.

(/usr/local/texlive/2022/texmf-dist/tex/latex/latexconfig/epstopdf-sys.cfg
File: epstopdf-sys.cfg 2010/07/13 v1.3 Configuration of (r)epstopdf for TeX Liv
e
))
*geometry* driver: auto-detecting
*geometry* detected driver: pdftex
*geometry* verbose mode - [ preamble ] result:
* driver: pdftex
* paper: a4paper
* layout: <same size as paper>
* layoutoffset:(h,v)=(0.0pt,0.0pt)
* modes: 
* h-part:(L,W,R)=(56.9055pt, 483.69684pt, 56.90553pt)
* v-part:(T,H,B)=(56.9055pt, 731.23582pt, 56.90552pt)
* \paperwidth=597.50787pt
* \paperheight=845.04684pt
* \textwidth=483.69684pt
* \textheight=731.23582pt
* \oddsidemargin=-15.36449pt
* \evensidemargin=-15.36449pt
* \topmargin=-52.36449pt
* \headheight=12.0pt
* \headsep=25.0pt
* \topskip=12.0pt
* \footskip=30.0pt
* \marginparwidth=44.0pt
* \marginparsep=10.0pt
* \columnsep=10.0pt
* \skip\footins=10.8pt plus 4.0pt minus 2.0pt
* \hoffset=0.0pt
* \voffset=0.0pt
* \mag=1000
* \@twocolumnfalse
* \@twosidefalse
* \@mparswitchfalse
* \@reversemarginfalse
* (1in=72.27pt=25.4mm, 1cm=28.453pt)

LaTeX Font Info:    External font `cmex10' loaded for size
(Font)              <14.4> on input line 16.
LaTeX Font Info:    External font `cmex10' loaded for size
(Font)              <7> on input line 16.

LaTeX Warning: No \author given.


Underfull \hbox (badness 10000) in paragraph at lines 20--21

 []


Underfull \hbox (badness 10000) in paragraph at lines 30--31

 []


Underfull \hbox (badness 10000) in paragraph at lines 32--33

 []

[1

{/usr/local/texlive/2022/texmf-var/fonts/map/pdftex/updmap/pdftex.map}]
Underfull \hbox (badness 10000) in paragraph at lines 34--35

 []



pdfTeX warning: pdflatex (file ./figures/Fig1.pdf): PDF inclusion: found PDF ve
rsion <1.6>, but at most version <1.5> allowed
<figures/Fig1.pdf, id=11, 3169.38081pt x 1868.24979pt>
File: figures/Fig1.pdf Graphic file (type pdf)
<use figures/Fig1.pdf>
Package pdftex.def Info: figures/Fig1.pdf  used on input line 47.
(pdftex.def)             Requested size: 483.69684pt x 285.1001pt.

Underfull \hbox (badness 10000) in paragraph at lines 52--53

 []


Underfull \hbox (badness 10000) in paragraph at lines 54--55

 []

[2] [3 <./figures/Fig1.pdf>]
Underfull \hbox (badness 10000) in paragraph at lines 56--57

 []


Underfull \hbox (badness 10000) in paragraph at lines 58--59

 []



pdfTeX warning: pdflatex (file ./figures/Fig2.pdf): PDF inclusion: found PDF ve
rsion <1.6>, but at most version <1.5> allowed
<figures/Fig2.pdf, id=761, 1560.7309pt x 805.72214pt>
File: figures/Fig2.pdf Graphic file (type pdf)
<use figures/Fig2.pdf>
Package pdftex.def Info: figures/Fig2.pdf  used on input line 65.
(pdftex.def)             Requested size: 483.69684pt x 249.69751pt.
LaTeX Font Info:    External font `cmex10' loaded for size
(Font)              <12> on input line 66.
LaTeX Font Info:    External font `cmex10' loaded for size
(Font)              <8> on input line 66.
LaTeX Font Info:    External font `cmex10' loaded for size
(Font)              <6> on input line 66.

Underfull \hbox (badness 10000) in paragraph at lines 71--72

 []

[4] [5 <./figures/Fig2.pdf>]
Underfull \hbox (badness 10000) in paragraph at lines 73--74

 []


Underfull \hbox (badness 10000) in paragraph at lines 75--76

 []


Underfull \hbox (badness 10000) in paragraph at lines 77--78

 []


Underfull \hbox (badness 10000) in paragraph at lines 79--80

 []

[6]

pdfTeX warning: pdflatex (file ./figures/Fig3.pdf): PDF inclusion: found PDF ve
rsion <1.6>, but at most version <1.5> allowed
<figures/Fig3.pdf, id=960, 1386.02817pt x 735.39041pt>
File: figures/Fig3.pdf Graphic file (type pdf)
<use figures/Fig3.pdf>
Package pdftex.def Info: figures/Fig3.pdf  used on input line 86.
(pdftex.def)             Requested size: 483.69684pt x 256.63867pt.

Underfull \hbox (badness 10000) in paragraph at lines 91--92

 []


Underfull \hbox (badness 10000) in paragraph at lines 93--94

 []



pdfTeX warning: pdflatex (file ./figures/Fig4.pdf): PDF inclusion: found PDF ve
rsion <1.6>, but at most version <1.5> allowed
<figures/Fig4.pdf, id=961, 2769.24577pt x 970.02402pt>
File: figures/Fig4.pdf Graphic file (type pdf)
<use figures/Fig4.pdf>
Package pdftex.def Info: figures/Fig4.pdf  used on input line 101.
(pdftex.def)             Requested size: 483.69684pt x 169.4311pt.

Underfull \hbox (badness 10000) in paragraph at lines 106--107

 []

[7] [8 <./figures/Fig3.pdf>]

pdfTeX warning: pdflatex (file ./figures/Fig5.pdf): PDF inclusion: found PDF ve
rsion <1.6>, but at most version <1.5> allowed
<figures/Fig5.pdf, id=1051, 961.41484pt x 1066.28368pt>
File: figures/Fig5.pdf Graphic file (type pdf)
<use figures/Fig5.pdf>
Package pdftex.def Info: figures/Fig5.pdf  used on input line 113.
(pdftex.def)             Requested size: 483.69684pt x 536.45964pt.

LaTeX Warning: Float too large for page by 50.22382pt on input line 116.


Underfull \hbox (badness 10000) in paragraph at lines 118--119

 []


Underfull \hbox (badness 10000) in paragraph at lines 120--121

 []

[9 <./figures/Fig4.pdf>] [10 <./figures/Fig5.pdf>]
Underfull \hbox (badness 10000) in paragraph at lines 122--123

 []


Underfull \hbox (badness 10000) in paragraph at lines 124--125

 []


Underfull \hbox (badness 10000) in paragraph at lines 130--131

 []

[11]
Underfull \hbox (badness 10000) in paragraph at lines 132--133

 []

[12]
Underfull \hbox (badness 10000) in paragraph at lines 148--149

 []

[13]
Underfull \hbox (badness 10000) in paragraph at lines 151--152

 []


Underfull \hbox (badness 10000) in paragraph at lines 159--160

 []


Underfull \hbox (badness 10000) in paragraph at lines 161--162

 []

[14]
Underfull \hbox (badness 10000) in paragraph at lines 165--166

 []


Underfull \hbox (badness 10000) in paragraph at lines 167--168

 []


Underfull \hbox (badness 10000) in paragraph at lines 169--170

 []


Underfull \hbox (badness 10000) in paragraph at lines 173--174

 []


Underfull \hbox (badness 10000) in paragraph at lines 175--176

 []

[15]
Underfull \hbox (badness 10000) in paragraph at lines 177--178

 []


Underfull \hbox (badness 10000) in paragraph at lines 180--181

 []


Underfull \hbox (badness 10000) in paragraph at lines 184--185

 []


Underfull \hbox (badness 10000) in paragraph at lines 190--191

 []

[16]
Underfull \hbox (badness 10000) in paragraph at lines 197--198

 []


Underfull \hbox (badness 10000) in paragraph at lines 208--209

 []


Underfull \hbox (badness 10000) in paragraph at lines 211--212

 []

[17]
Underfull \hbox (badness 10000) in paragraph at lines 213--214

 []

[18] [19]

pdfTeX warning: pdflatex (file ./figures/FigS1.pdf): PDF inclusion: found PDF v
ersion <1.6>, but at most version <1.5> allowed
<figures/FigS1.pdf, id=1365, 1544.68095pt x 853.94534pt>
File: figures/FigS1.pdf Graphic file (type pdf)
<use figures/FigS1.pdf>
Package pdftex.def Info: figures/FigS1.pdf  used on input line 268.
(pdftex.def)             Requested size: 483.69684pt x 267.40453pt.


pdfTeX warning: pdflatex (file ./figures/FigS2.pdf): PDF inclusion: found PDF v
ersion <1.6>, but at most version <1.5> allowed
<figures/FigS2.pdf, id=1366, 1278.32587pt x 1354.41003pt>
File: figures/FigS2.pdf Graphic file (type pdf)
<use figures/FigS2.pdf>
Package pdftex.def Info: figures/FigS2.pdf  used on input line 276.
(pdftex.def)             Requested size: 483.69684pt x 512.46983pt.

LaTeX Warning: Float too large for page by 69.06732pt on input line 279.



pdfTeX warning: pdflatex (file ./figures/FigS3.pdf): PDF inclusion: found PDF v
ersion <1.6>, but at most version <1.5> allowed
<figures/FigS3.pdf, id=1367, 503.8594pt x 522.85034pt>
File: figures/FigS3.pdf Graphic file (type pdf)
<use figures/FigS3.pdf>
Package pdftex.def Info: figures/FigS3.pdf  used on input line 284.
(pdftex.def)             Requested size: 483.69684pt x 501.9386pt.


pdfTeX warning: pdflatex (file ./figures/FigS4.pdf): PDF inclusion: found PDF v
ersion <1.6>, but at most version <1.5> allowed
<figures/FigS4.pdf, id=1368, 1563.01949pt x 1058.21349pt>
File: figures/FigS4.pdf Graphic file (type pdf)
<use figures/FigS4.pdf>
Package pdftex.def Info: figures/FigS4.pdf  used on input line 292.
(pdftex.def)             Requested size: 483.69684pt x 327.47765pt.


pdfTeX warning: pdflatex (file ./figures/FigS5.pdf): PDF inclusion: found PDF v
ersion <1.6>, but at most version <1.5> allowed
<figures/FigS5.pdf, id=1369, 1624.34857pt x 907.50647pt>
File: figures/FigS5.pdf Graphic file (type pdf)
<use figures/FigS5.pdf>
Package pdftex.def Info: figures/FigS5.pdf  used on input line 300.
(pdftex.def)             Requested size: 483.69684pt x 270.23232pt.
No file sample-manuscript.bbl.
[20] [21 <./figures/FigS1.pdf>] [22 <./figures/FigS2.pdf>] [23 <./figures/FigS3
.pdf>] [24 <./figures/FigS4.pdf>] [25 <./figures/FigS5.pdf>]
(./sample-manuscript.aux) ) 
Here is how much of TeX's memory you used:
 1963 strings out of 478268
 32482 string characters out of 5846348
 347930 words of memory out of 5000000
 20184 multiletter control sequences out of 15000+600000
 475035 words of font info for 47 fonts, out of 8000000 for 9000
 1141 hyphenation exceptions out of 8191
 55i,6n,62p,2768b,242s stack positions out of 10000i,1000n,20000p,200000b,200000s
</usr/local/texlive/2022/texmf-dist/fonts/type1/publ
ic/stix/STIXGeneral-Italic.pfb></usr/local/texlive/2022/texmf-dist/fonts/type1/
public/stix/STIXGeneral-Regular.pfb></usr/local/texlive/2022/texmf-dist/fonts/t
ype1/public/amsfonts/cm/cmbx10.pfb></usr/local/texlive/2022/texmf-dist/fonts/ty
pe1/public/amsfonts/cm/cmbx12.pfb></usr/local/texlive/2022/texmf-dist/fonts/typ
e1/public/amsfonts/cm/cmex10.pfb></usr/local/texlive/2022/texmf-dist/fonts/type
1/public/amsfonts/cm/cmmi12.pfb></usr/local/texlive/2022/texmf-dist/fonts/type1
/public/amsfonts/cm/cmmi6.pfb></usr/local/texlive/2022/texmf-dist/fonts/type1/p
ublic/amsfonts/cm/cmmi8.pfb></usr/local/texlive/2022/texmf-dist/fonts/type1/pub
lic/amsfonts/cm/cmr10.pfb></usr/local/texlive/2022/texmf-dist/fonts/type1/publi
c/amsfonts/cm/cmr12.pfb></usr/local/texlive/2022/texmf-dist/fonts/type1/public/
amsfonts/cm/cmr17.pfb></usr/local/texlive/2022/texmf-dist/fonts/type1/public/am
sfonts/cm/cmr8.pfb></usr/local/texlive/2022/texmf-dist/fonts/type1/public/amsfo
nts/cm/cmsy10.pfb></usr/local/texlive/2022/texmf-dist/fonts/type1/public/amsfon
ts/cm/cmsy6.pfb></usr/local/texlive/2022/texmf-dist/fonts/type1/public/amsfonts
/cm/cmsy8.pfb>
Output written on sample-manuscript.pdf (25 pages, 8588459 bytes).
PDF statistics:
 2496 PDF objects out of 2984 (max. 8388607)
 1303 compressed objects within 14 object streams
 0 named destinations out of 1000 (max. 500000)
 51 words of extra memory for PDF output out of 10000 (max. 10000000)

